<?xml version="1.0" encoding="UTF-8"?>
<testng-results skipped="0" failed="0" ignored="0" total="1" passed="1">
  <reporter-output>
  </reporter-output>
  <suite name="Default suite" duration-ms="28609" started-at="2020-11-08T14:41:03Z" finished-at="2020-11-08T14:41:31Z">
    <groups>
    </groups>
    <test name="Default test" duration-ms="28609" started-at="2020-11-08T14:41:03Z" finished-at="2020-11-08T14:41:31Z">
      <class name="com.qa.test.LoginTest">
        <test-method status="PASS" signature="readData()[pri:0, instance:com.qa.test.LoginTest@46d56d67]" name="readData" is-config="true" duration-ms="4" started-at="2020-11-08T20:11:03Z" finished-at="2020-11-08T20:11:03Z">
          <reporter-output>
          </reporter-output>
        </test-method> <!-- readData -->
        <test-method status="PASS" signature="testLoginByProp()[pri:0, instance:com.qa.test.LoginTest@46d56d67]" name="testLoginByProp" duration-ms="28577" started-at="2020-11-08T20:11:03Z" finished-at="2020-11-08T20:11:31Z">
          <reporter-output>
          </reporter-output>
        </test-method> <!-- testLoginByProp -->
      </class> <!-- com.qa.test.LoginTest -->
    </test> <!-- Default test -->
  </suite> <!-- Default suite -->
</testng-results>
