<?xml version="1.0" encoding="UTF-8"?>
<testng-results skipped="0" failed="0" ignored="0" total="1" passed="1">
  <reporter-output>
  </reporter-output>
  <suite name="com.qa.test.LoginTest" duration-ms="28516" started-at="2020-11-09T03:39:29Z" finished-at="2020-11-09T03:39:58Z">
    <groups>
    </groups>
    <test name="Command line test" duration-ms="28516" started-at="2020-11-09T03:39:29Z" finished-at="2020-11-09T03:39:58Z">
      <class name="com.qa.test.LoginTest">
        <test-method status="PASS" signature="readData()[pri:0, instance:com.qa.test.LoginTest@668bc3d5]" name="readData" is-config="true" duration-ms="12" started-at="2020-11-09T09:09:29Z" finished-at="2020-11-09T09:09:29Z">
          <reporter-output>
          </reporter-output>
        </test-method> <!-- readData -->
        <test-method status="PASS" signature="testLoginByProp()[pri:0, instance:com.qa.test.LoginTest@668bc3d5]" name="testLoginByProp" duration-ms="28448" started-at="2020-11-09T09:09:29Z" finished-at="2020-11-09T09:09:58Z">
          <reporter-output>
          </reporter-output>
        </test-method> <!-- testLoginByProp -->
      </class> <!-- com.qa.test.LoginTest -->
    </test> <!-- Command line test -->
  </suite> <!-- com.qa.test.LoginTest -->
</testng-results>
